#
# There is insufficient memory for the Java Runtime Environment to continue.
# Native memory allocation (malloc) failed to allocate 32744 bytes for ChunkPool::allocate
# Possible reasons:
#   The system is out of physical RAM or swap space
#   The process is running with CompressedOops enabled, and the Java Heap may be blocking the growth of the native heap
# Possible solutions:
#   Reduce memory load on the system
#   Increase physical memory or swap space
#   Check if swap backing store is full
#   Decrease Java heap size (-Xmx/-Xms)
#   Decrease number of Java threads
#   Decrease Java thread stack sizes (-Xss)
#   Set larger code cache with -XX:ReservedCodeCacheSize=
#   JVM is running with Unscaled Compressed Oops mode in which the Java heap is
#     placed in the first 4GB address space. The Java Heap base address is the
#     maximum limit for the native heap growth. Please use -XX:HeapBaseMinAddress
#     to set the Java Heap base and to place the Java Heap above 4GB virtual address.
# This output file may be truncated or incomplete.
#
#  Out of Memory Error (allocation.cpp:272), pid=14248, tid=0x000000000000196c
#
# JRE version: Java(TM) SE Runtime Environment (8.0_231-b11) (build 1.8.0_231-b11)
# Java VM: Java HotSpot(TM) 64-Bit Server VM (25.231-b11 mixed mode windows-amd64 compressed oops)
# Failed to write core dump. Minidumps are not enabled by default on client versions of Windows
#

---------------  T H R E A D  ---------------

Current thread (0x00000000160ca800):  JavaThread "C1 CompilerThread2" daemon [_thread_in_native, id=6508, stack(0x0000000016a10000,0x0000000016b10000)]

Stack: [0x0000000016a10000,0x0000000016b10000]
[error occurred during error reporting (printing stack bounds), id 0xc0000005]

Native frames: (J=compiled Java code, j=interpreted, Vv=VM code, C=native code)


Current CompileTask:
C1: 172988 1901       3       java.net.URLStreamHandler::parseURL (1193 bytes)


---------------  P R O C E S S  ---------------

Java Threads: ( => current thread )
  0x000000001704b000 JavaThread "D3D Screen Updater" daemon [_thread_blocked, id=9836, stack(0x000000001cfe0000,0x000000001d0e0000)]
  0x000000000255e000 JavaThread "DestroyJavaVM" [_thread_blocked, id=13216, stack(0x0000000002420000,0x0000000002520000)]
  0x0000000017049000 JavaThread "AWT-EventQueue-0" [_thread_in_Java, id=864, stack(0x000000001cde0000,0x000000001cee0000)]
  0x0000000017042800 JavaThread "TimerQueue" daemon [_thread_blocked, id=7436, stack(0x000000001cce0000,0x000000001cde0000)]
  0x0000000016db5800 JavaThread "AWT-Windows" daemon [_thread_in_native, id=11340, stack(0x0000000017850000,0x0000000017950000)]
  0x0000000016db5000 JavaThread "AWT-Shutdown" [_thread_blocked, id=5572, stack(0x0000000017750000,0x0000000017850000)]
  0x0000000017030800 JavaThread "Java2D Disposer" daemon [_thread_blocked, id=6116, stack(0x0000000017650000,0x0000000017750000)]
  0x00000000160cb800 JavaThread "Service Thread" daemon [_thread_blocked, id=11196, stack(0x0000000016b10000,0x0000000016c10000)]
=>0x00000000160ca800 JavaThread "C1 CompilerThread2" daemon [_thread_in_native, id=6508, stack(0x0000000016a10000,0x0000000016b10000)]
  0x00000000160cf800 JavaThread "C2 CompilerThread1" daemon [_thread_blocked, id=13736, stack(0x0000000016910000,0x0000000016a10000)]
  0x0000000016112800 JavaThread "C2 CompilerThread0" daemon [_thread_blocked, id=404, stack(0x0000000016810000,0x0000000016910000)]
  0x0000000016027800 JavaThread "org.jacoco.agent.rt.internal_1f1cc91.output.TcpClientOutput" daemon [_thread_in_native, id=2528, stack(0x0000000016710000,0x0000000016810000)]
  0x000000001495f800 JavaThread "Attach Listener" daemon [_thread_blocked, id=9428, stack(0x0000000015ed0000,0x0000000015fd0000)]
  0x000000001495b800 JavaThread "Signal Dispatcher" daemon [_thread_blocked, id=584, stack(0x0000000015dd0000,0x0000000015ed0000)]
  0x000000001494a800 JavaThread "Finalizer" daemon [_thread_blocked, id=14928, stack(0x0000000015bd0000,0x0000000015cd0000)]
  0x00000000027e2800 JavaThread "Reference Handler" daemon [_thread_blocked, id=9604, stack(0x0000000015ad0000,0x0000000015bd0000)]

Other Threads:
  0x0000000014928000 VMThread [stack: 0x00000000159d0000,0x0000000015ad0000] [id=6516]
  0x000000001613f000 WatcherThread [stack: 0x0000000016c10000,0x0000000016d10000] [id=11500]

VM state:not at safepoint (normal execution)

VM Mutex/Monitor currently owned by a thread: None

heap address: 0x00000000c9400000, size: 876 MB, Compressed Oops mode: 32-bit
Narrow klass base: 0x0000000000000000, Narrow klass shift: 3
Compressed class space size: 1073741824 Address: 0x0000000100000000

Heap:
 PSYoungGen      total 69632K, used 53149K [0x00000000edc00000, 0x00000000f5300000, 0x0000000100000000)
  eden space 18432K, 38% used [0x00000000edc00000,0x00000000ee2db898,0x00000000eee00000)
  from space 51200K, 90% used [0x00000000f2100000,0x00000000f4e0bc48,0x00000000f5300000)
  to   space 46592K, 0% used [0x00000000eee00000,0x00000000eee00000,0x00000000f1b80000)
 ParOldGen       total 167424K, used 122501K [0x00000000c9400000, 0x00000000d3780000, 0x00000000edc00000)
  object space 167424K, 73% used [0x00000000c9400000,0x00000000d0ba15e8,0x00000000d3780000)
 Metaspace       used 12537K, capacity 12752K, committed 13056K, reserved 1060864K
  class space    used 1419K, capacity 1517K, committed 1536K, reserved 1048576K

Card table byte_map: [0x0000000011bb0000,0x0000000011d70000] byte_map_base: 0x0000000011566000

Marking Bits: (ParMarkBitMap*) 0x0000000051576d90
 Begin Bits: [0x00000000122a0000, 0x0000000013050000)
 End Bits:   [0x0000000013050000, 0x0000000013e00000)

Polling page: 0x0000000002380000

CodeCache: size=245760Kb used=5748Kb max_used=5759Kb free=240011Kb
 bounds [0x00000000027f0000, 0x0000000002da0000, 0x00000000117f0000]
 total_blobs=2128 nmethods=1627 adapters=414
 compilation: enabled

Compilation events (10 events):
Event: 170.921 Thread 0x00000000160ca800 nmethod 1896 0x0000000002b85990 code [0x0000000002b85b80, 0x0000000002b86328]
Event: 170.921 Thread 0x00000000160ca800 1897       3       sun.java2d.pipe.DrawImage::transformImage (124 bytes)
Event: 170.922 Thread 0x00000000160ca800 nmethod 1897 0x0000000002b83f10 code [0x0000000002b840e0, 0x0000000002b846e8]
Event: 171.385 Thread 0x00000000160ca800 1898       1       java.lang.ref.Reference::clear (6 bytes)
Event: 171.386 Thread 0x00000000160ca800 nmethod 1898 0x0000000002b53b50 code [0x0000000002b53ca0, 0x0000000002b53dd0]
Event: 172.961 Thread 0x00000000160cf800 1899       4       java.security.AccessController::getContext (23 bytes)
Event: 172.970 Thread 0x00000000160cf800 nmethod 1899 0x0000000002b3be90 code [0x0000000002b3c020, 0x0000000002b3c360]
Event: 172.978 Thread 0x00000000160ca800 1900       3       sun.net.www.protocol.file.Handler::parseURL (18 bytes)
Event: 172.979 Thread 0x00000000160ca800 nmethod 1900 0x0000000002b7da50 code [0x0000000002b7dbc0, 0x0000000002b7de38]
Event: 172.979 Thread 0x00000000160ca800 1901       3       java.net.URLStreamHandler::parseURL (1193 bytes)

GC Heap History (10 events):
Event: 157.972 GC heap before
{Heap before GC invocations=53 (full 5):
 PSYoungGen      total 56832K, used 46725K [0x00000000edc00000, 0x00000000f3800000, 0x0000000100000000)
  eden space 23040K, 100% used [0x00000000edc00000,0x00000000ef280000,0x00000000ef280000)
  from space 33792K, 70% used [0x00000000ef280000,0x00000000f09a17b0,0x00000000f1380000)
  to   space 34816K, 0% used [0x00000000f1600000,0x00000000f1600000,0x00000000f3800000)
 ParOldGen       total 167424K, used 122485K [0x00000000c9400000, 0x00000000d3780000, 0x00000000edc00000)
  object space 167424K, 73% used [0x00000000c9400000,0x00000000d0b9d5e8,0x00000000d3780000)
 Metaspace       used 12470K, capacity 12656K, committed 12800K, reserved 1060864K
  class space    used 1415K, capacity 1485K, committed 1536K, reserved 1048576K
Event: 157.985 GC heap after
Heap after GC invocations=53 (full 5):
 PSYoungGen      total 56320K, used 28873K [0x00000000edc00000, 0x00000000f3e00000, 0x0000000100000000)
  eden space 21504K, 0% used [0x00000000edc00000,0x00000000edc00000,0x00000000ef100000)
  from space 34816K, 82% used [0x00000000f1600000,0x00000000f32327b0,0x00000000f3800000)
  to   space 37888K, 0% used [0x00000000ef100000,0x00000000ef100000,0x00000000f1600000)
 ParOldGen       total 167424K, used 122485K [0x00000000c9400000, 0x00000000d3780000, 0x00000000edc00000)
  object space 167424K, 73% used [0x00000000c9400000,0x00000000d0b9d5e8,0x00000000d3780000)
 Metaspace       used 12470K, capacity 12656K, committed 12800K, reserved 1060864K
  class space    used 1415K, capacity 1485K, committed 1536K, reserved 1048576K
}
Event: 161.636 GC heap before
{Heap before GC invocations=54 (full 5):
 PSYoungGen      total 56320K, used 50377K [0x00000000edc00000, 0x00000000f3e00000, 0x0000000100000000)
  eden space 21504K, 100% used [0x00000000edc00000,0x00000000ef100000,0x00000000ef100000)
  from space 34816K, 82% used [0x00000000f1600000,0x00000000f32327b0,0x00000000f3800000)
  to   space 37888K, 0% used [0x00000000ef100000,0x00000000ef100000,0x00000000f1600000)
 ParOldGen       total 167424K, used 122485K [0x00000000c9400000, 0x00000000d3780000, 0x00000000edc00000)
  object space 167424K, 73% used [0x00000000c9400000,0x00000000d0b9d5e8,0x00000000d3780000)
 Metaspace       used 12472K, capacity 12656K, committed 12800K, reserved 1060864K
  class space    used 1415K, capacity 1485K, committed 1536K, reserved 1048576K
Event: 161.652 GC heap after
Heap after GC invocations=54 (full 5):
 PSYoungGen      total 59392K, used 34698K [0x00000000edc00000, 0x00000000f4480000, 0x0000000100000000)
  eden space 21504K, 0% used [0x00000000edc00000,0x00000000edc00000,0x00000000ef100000)
  from space 37888K, 91% used [0x00000000ef100000,0x00000000f12e28a0,0x00000000f1600000)
  to   space 41984K, 0% used [0x00000000f1b80000,0x00000000f1b80000,0x00000000f4480000)
 ParOldGen       total 167424K, used 122493K [0x00000000c9400000, 0x00000000d3780000, 0x00000000edc00000)
  object space 167424K, 73% used [0x00000000c9400000,0x00000000d0b9f5e8,0x00000000d3780000)
 Metaspace       used 12472K, capacity 12656K, committed 12800K, reserved 1060864K
  class space    used 1415K, capacity 1485K, committed 1536K, reserved 1048576K
}
Event: 165.360 GC heap before
{Heap before GC invocations=55 (full 5):
 PSYoungGen      total 59392K, used 56202K [0x00000000edc00000, 0x00000000f4480000, 0x0000000100000000)
  eden space 21504K, 100% used [0x00000000edc00000,0x00000000ef100000,0x00000000ef100000)
  from space 37888K, 91% used [0x00000000ef100000,0x00000000f12e28a0,0x00000000f1600000)
  to   space 41984K, 0% used [0x00000000f1b80000,0x00000000f1b80000,0x00000000f4480000)
 ParOldGen       total 167424K, used 122493K [0x00000000c9400000, 0x00000000d3780000, 0x00000000edc00000)
  object space 167424K, 73% used [0x00000000c9400000,0x00000000d0b9f5e8,0x00000000d3780000)
 Metaspace       used 12472K, capacity 12656K, committed 12800K, reserved 1060864K
  class space    used 1415K, capacity 1485K, committed 1536K, reserved 1048576K
Event: 165.383 GC heap after
Heap after GC invocations=55 (full 5):
 PSYoungGen      total 60416K, used 37289K [0x00000000edc00000, 0x00000000f4d80000, 0x0000000100000000)
  eden space 18432K, 0% used [0x00000000edc00000,0x00000000edc00000,0x00000000eee00000)
  from space 41984K, 88% used [0x00000000f1b80000,0x00000000f3fea7e0,0x00000000f4480000)
  to   space 46592K, 0% used [0x00000000eee00000,0x00000000eee00000,0x00000000f1b80000)
 ParOldGen       total 167424K, used 122493K [0x00000000c9400000, 0x00000000d3780000, 0x00000000edc00000)
  object space 167424K, 73% used [0x00000000c9400000,0x00000000d0b9f5e8,0x00000000d3780000)
 Metaspace       used 12472K, capacity 12656K, committed 12800K, reserved 1060864K
  class space    used 1415K, capacity 1485K, committed 1536K, reserved 1048576K
}
Event: 168.315 GC heap before
{Heap before GC invocations=56 (full 5):
 PSYoungGen      total 60416K, used 54858K [0x00000000edc00000, 0x00000000f4d80000, 0x0000000100000000)
  eden space 18432K, 95% used [0x00000000edc00000,0x00000000eed28140,0x00000000eee00000)
  from space 41984K, 88% used [0x00000000f1b80000,0x00000000f3fea7e0,0x00000000f4480000)
  to   space 46592K, 0% used [0x00000000eee00000,0x00000000eee00000,0x00000000f1b80000)
 ParOldGen       total 167424K, used 122493K [0x00000000c9400000, 0x00000000d3780000, 0x00000000edc00000)
  object space 167424K, 73% used [0x00000000c9400000,0x00000000d0b9f5e8,0x00000000d3780000)
 Metaspace       used 12474K, capacity 12656K, committed 12800K, reserved 1060864K
  class space    used 1415K, capacity 1485K, committed 1536K, reserved 1048576K
Event: 168.327 GC heap after
Heap after GC invocations=56 (full 5):
 PSYoungGen      total 65024K, used 41290K [0x00000000edc00000, 0x00000000f5300000, 0x0000000100000000)
  eden space 18432K, 0% used [0x00000000edc00000,0x00000000edc00000,0x00000000eee00000)
  from space 46592K, 88% used [0x00000000eee00000,0x00000000f1652950,0x00000000f1b80000)
  to   space 51200K, 0% used [0x00000000f2100000,0x00000000f2100000,0x00000000f5300000)
 ParOldGen       total 167424K, used 122493K [0x00000000c9400000, 0x00000000d3780000, 0x00000000edc00000)
  object space 167424K, 73% used [0x00000000c9400000,0x00000000d0b9f5e8,0x00000000d3780000)
 Metaspace       used 12474K, capacity 12656K, committed 12800K, reserved 1060864K
  class space    used 1415K, capacity 1485K, committed 1536K, reserved 1048576K
}
Event: 171.370 GC heap before
{Heap before GC invocations=57 (full 5):
 PSYoungGen      total 65024K, used 59722K [0x00000000edc00000, 0x00000000f5300000, 0x0000000100000000)
  eden space 18432K, 100% used [0x00000000edc00000,0x00000000eee00000,0x00000000eee00000)
  from space 46592K, 88% used [0x00000000eee00000,0x00000000f1652950,0x00000000f1b80000)
  to   space 51200K, 0% used [0x00000000f2100000,0x00000000f2100000,0x00000000f5300000)
 ParOldGen       total 167424K, used 122493K [0x00000000c9400000, 0x00000000d3780000, 0x00000000edc00000)
  object space 167424K, 73% used [0x00000000c9400000,0x00000000d0b9f5e8,0x00000000d3780000)
 Metaspace       used 12505K, capacity 12720K, committed 13056K, reserved 1060864K
  class space    used 1415K, capacity 1485K, committed 1536K, reserved 1048576K
Event: 171.384 GC heap after
Heap after GC invocations=57 (full 5):
 PSYoungGen      total 69632K, used 46127K [0x00000000edc00000, 0x00000000f5300000, 0x0000000100000000)
  eden space 18432K, 0% used [0x00000000edc00000,0x00000000edc00000,0x00000000eee00000)
  from space 51200K, 90% used [0x00000000f2100000,0x00000000f4e0bc48,0x00000000f5300000)
  to   space 46592K, 0% used [0x00000000eee00000,0x00000000eee00000,0x00000000f1b80000)
 ParOldGen       total 167424K, used 122501K [0x00000000c9400000, 0x00000000d3780000, 0x00000000edc00000)
  object space 167424K, 73% used [0x00000000c9400000,0x00000000d0ba15e8,0x00000000d3780000)
 Metaspace       used 12505K, capacity 12720K, committed 13056K, reserved 1060864K
  class space    used 1415K, capacity 1485K, committed 1536K, reserved 1048576K
}

Deoptimization events (10 events):
Event: 172.831 Thread 0x0000000017049000 Uncommon trap: reason=speculate_class_check action=maybe_recompile pc=0x000000000298ec84 method=java.awt.EventQueue.eventToCacheIndex(Ljava/awt/AWTEvent;)I @ 68
Event: 172.831 Thread 0x0000000017049000 Uncommon trap: reason=speculate_class_check action=maybe_recompile pc=0x0000000002cc6524 method=java.awt.EventQueue.eventToCacheIndex(Ljava/awt/AWTEvent;)I @ 68
Event: 172.831 Thread 0x0000000017049000 Uncommon trap: reason=unstable_if action=reinterpret pc=0x0000000002a32a00 method=java.awt.EventQueue.getAccessControlContextFrom(Ljava/lang/Object;)Ljava/security/AccessControlContext; @ 4
Event: 172.833 Thread 0x0000000017049000 Uncommon trap: reason=unstable_if action=reinterpret pc=0x0000000002c3634c method=java.security.AccessControlContext.optimize()Ljava/security/AccessControlContext; @ 206
Event: 172.835 Thread 0x0000000017049000 Uncommon trap: reason=class_check action=maybe_recompile pc=0x0000000002d0ec28 method=java.awt.EventQueue.dispatchEventImpl(Ljava/awt/AWTEvent;Ljava/lang/Object;)V @ 6
Event: 172.848 Thread 0x0000000017049000 Uncommon trap: reason=unstable_if action=reinterpret pc=0x0000000002abb010 method=java.awt.EventQueue.setCurrentEventAndMostRecentTimeImpl(Ljava/awt/AWTEvent;)V @ 49
Event: 172.960 Thread 0x0000000017049000 Uncommon trap: reason=speculate_class_check action=maybe_recompile pc=0x000000000298ec84 method=java.awt.EventQueue.eventToCacheIndex(Ljava/awt/AWTEvent;)I @ 68
Event: 172.960 Thread 0x0000000017049000 Uncommon trap: reason=speculate_class_check action=maybe_recompile pc=0x000000000298ec84 method=java.awt.EventQueue.eventToCacheIndex(Ljava/awt/AWTEvent;)I @ 68
Event: 172.960 Thread 0x0000000017049000 Uncommon trap: reason=unstable_if action=reinterpret pc=0x0000000002cc64ec method=java.awt.EventQueue.getNextEventPrivate()Ljava/awt/AWTEvent; @ 45
Event: 172.961 Thread 0x0000000017049000 Uncommon trap: reason=class_check action=maybe_recompile pc=0x0000000002d0ec28 method=java.awt.EventQueue.dispatchEventImpl(Ljava/awt/AWTEvent;Ljava/lang/Object;)V @ 6

Classes redefined (0 events):
No events

Internal exceptions (10 events):
Event: 2.240 Thread 0x000000000255e000 Exception <a 'java/security/PrivilegedActionException'> (0x00000000ee46c938) thrown at [C:\re\workspace\8-2-build-windows-amd64-cygwin\jdk8u231\13620\hotspot\src\share\vm\prims\jvm.cpp, line 1502]
Event: 2.240 Thread 0x000000000255e000 Exception <a 'java/security/PrivilegedActionException'> (0x00000000ee46cb48) thrown at [C:\re\workspace\8-2-build-windows-amd64-cygwin\jdk8u231\13620\hotspot\src\share\vm\prims\jvm.cpp, line 1502]
Event: 2.242 Thread 0x000000000255e000 Exception <a 'java/security/PrivilegedActionException'> (0x00000000ee4707b8) thrown at [C:\re\workspace\8-2-build-windows-amd64-cygwin\jdk8u231\13620\hotspot\src\share\vm\prims\jvm.cpp, line 1502]
Event: 2.242 Thread 0x000000000255e000 Exception <a 'java/security/PrivilegedActionException'> (0x00000000ee4709c8) thrown at [C:\re\workspace\8-2-build-windows-amd64-cygwin\jdk8u231\13620\hotspot\src\share\vm\prims\jvm.cpp, line 1502]
Event: 2.255 Thread 0x000000000255e000 Exception <a 'java/io/FileNotFoundException'> (0x00000000ee477ea8) thrown at [C:\re\workspace\8-2-build-windows-amd64-cygwin\jdk8u231\13620\hotspot\src\share\vm\prims\jni.cpp, line 710]
Event: 2.361 Thread 0x000000000255e000 Exception <a 'java/lang/NoSuchFieldError': method resolution failed> (0x00000000ee59c370) thrown at [C:\re\workspace\8-2-build-windows-amd64-cygwin\jdk8u231\13620\hotspot\src\share\vm\prims\methodHandles.cpp, line 1167]
Event: 2.365 Thread 0x000000000255e000 Exception <a 'java/lang/NoSuchFieldError': method resolution failed> (0x00000000ee5aa128) thrown at [C:\re\workspace\8-2-build-windows-amd64-cygwin\jdk8u231\13620\hotspot\src\share\vm\prims\methodHandles.cpp, line 1167]
Event: 2.566 Thread 0x000000000255e000 Exception <a 'java/io/FileNotFoundException'> (0x00000000ee6e7258) thrown at [C:\re\workspace\8-2-build-windows-amd64-cygwin\jdk8u231\13620\hotspot\src\share\vm\prims\jni.cpp, line 710]
Event: 2.795 Thread 0x000000000255e000 Implicit null exception at 0x0000000002906f9a to 0x0000000002907145
Event: 172.833 Thread 0x0000000017049000 Implicit null exception at 0x0000000002c361d3 to 0x0000000002c3632d

Events (10 events):
Event: 172.960 Thread 0x0000000017049000 DEOPT PACKING pc=0x000000000298ec84 sp=0x000000001cedef10
Event: 172.960 Thread 0x0000000017049000 DEOPT UNPACKING pc=0x000000000283583b sp=0x000000001cedeea0 mode 2
Event: 172.960 Thread 0x0000000017049000 Uncommon trap: trap_request=0xffffff65 fr.pc=0x0000000002cc64ec
Event: 172.960 Thread 0x0000000017049000 DEOPT PACKING pc=0x0000000002cc64ec sp=0x000000001cedf1f0
Event: 172.960 Thread 0x0000000017049000 DEOPT UNPACKING pc=0x000000000283583b sp=0x000000001cedf188 mode 2
Event: 172.961 Thread 0x0000000017049000 Uncommon trap: trap_request=0xffffffde fr.pc=0x0000000002d0ec28
Event: 172.961 Thread 0x0000000017049000 DEOPT PACKING pc=0x0000000002d0ec28 sp=0x000000001cedd760
Event: 172.961 Thread 0x0000000017049000 DEOPT UNPACKING pc=0x000000000283583b sp=0x000000001cedd660 mode 2
Event: 172.971 loading class Bullet
Event: 172.971 loading class Bullet done


Dynamic libraries:
0x00007ff72cd60000 - 0x00007ff72cd97000 	C:\Program Files\Java\jre1.8.0_231\bin\javaw.exe
0x00007fff89bd0000 - 0x00007fff89dc5000 	C:\WINDOWS\SYSTEM32\ntdll.dll
0x00007fff89450000 - 0x00007fff8950d000 	C:\WINDOWS\System32\KERNEL32.DLL
0x00007fff877c0000 - 0x00007fff87a89000 	C:\WINDOWS\System32\KERNELBASE.dll
0x00007fff89a10000 - 0x00007fff89abc000 	C:\WINDOWS\System32\ADVAPI32.dll
0x00007fff88f30000 - 0x00007fff88fce000 	C:\WINDOWS\System32\msvcrt.dll
0x00007fff89350000 - 0x00007fff893eb000 	C:\WINDOWS\System32\sechost.dll
0x00007fff889c0000 - 0x00007fff88aea000 	C:\WINDOWS\System32\RPCRT4.dll
0x00007fff89080000 - 0x00007fff89220000 	C:\WINDOWS\System32\USER32.dll
0x00007fff87a90000 - 0x00007fff87ab2000 	C:\WINDOWS\System32\win32u.dll
0x00007fff88990000 - 0x00007fff889ba000 	C:\WINDOWS\System32\GDI32.dll
0x00007fff87650000 - 0x00007fff8775b000 	C:\WINDOWS\System32\gdi32full.dll
0x00007fff87300000 - 0x00007fff8739d000 	C:\WINDOWS\System32\msvcp_win.dll
0x00007fff87550000 - 0x00007fff87650000 	C:\WINDOWS\System32\ucrtbase.dll
0x00007fff6feb0000 - 0x00007fff7014a000 	C:\WINDOWS\WinSxS\amd64_microsoft.windows.common-controls_6595b64144ccf1df_6.0.19041.1110_none_60b5254171f9507e\COMCTL32.dll
0x00007fff88720000 - 0x00007fff88750000 	C:\WINDOWS\System32\IMM32.DLL
0x0000000050b90000 - 0x0000000050c62000 	C:\Program Files\Java\jre1.8.0_231\bin\msvcr100.dll
0x0000000050d50000 - 0x00000000515f6000 	C:\Program Files\Java\jre1.8.0_231\bin\server\jvm.dll
0x00007fff89340000 - 0x00007fff89348000 	C:\WINDOWS\System32\PSAPI.DLL
0x00007fff7d820000 - 0x00007fff7d82a000 	C:\WINDOWS\SYSTEM32\VERSION.dll
0x00007fff6bcc0000 - 0x00007fff6bcc9000 	C:\WINDOWS\SYSTEM32\WSOCK32.dll
0x00007fff89510000 - 0x00007fff8957b000 	C:\WINDOWS\System32\WS2_32.dll
0x00007fff7ce30000 - 0x00007fff7ce57000 	C:\WINDOWS\SYSTEM32\WINMM.dll
0x00007fff80af0000 - 0x00007fff80aff000 	C:\Program Files\Java\jre1.8.0_231\bin\verify.dll
0x00007fff62260000 - 0x00007fff62289000 	C:\Program Files\Java\jre1.8.0_231\bin\java.dll
0x00007fff4ffa0000 - 0x00007fff4ffc3000 	C:\Program Files\Java\jre1.8.0_231\bin\instrument.dll
0x00007fff71700000 - 0x00007fff71716000 	C:\Program Files\Java\jre1.8.0_231\bin\zip.dll
0x00007fff87f30000 - 0x00007fff8866f000 	C:\WINDOWS\System32\SHELL32.dll
0x00007fff853f0000 - 0x00007fff85b80000 	C:\WINDOWS\SYSTEM32\windows.storage.dll
0x00007fff88af0000 - 0x00007fff88e45000 	C:\WINDOWS\System32\combase.dll
0x00007fff86c90000 - 0x00007fff86cbc000 	C:\WINDOWS\SYSTEM32\Wldp.dll
0x00007fff88670000 - 0x00007fff8871e000 	C:\WINDOWS\System32\SHCORE.dll
0x00007fff87c30000 - 0x00007fff87c85000 	C:\WINDOWS\System32\shlwapi.dll
0x00007fff87240000 - 0x00007fff8725f000 	C:\WINDOWS\SYSTEM32\profapi.dll
0x00007fff68360000 - 0x00007fff6837a000 	C:\Program Files\Java\jre1.8.0_231\bin\net.dll
0x00007fff869f0000 - 0x00007fff86a5a000 	C:\WINDOWS\system32\mswsock.dll
0x00007fff6a7f0000 - 0x00007fff6a807000 	C:\WINDOWS\system32\napinsp.dll
0x00007fff6a7d0000 - 0x00007fff6a7eb000 	C:\WINDOWS\system32\pnrpnsp.dll
0x00007fff81b40000 - 0x00007fff81b55000 	C:\WINDOWS\system32\wshbth.dll
0x00007fff82800000 - 0x00007fff8281d000 	C:\WINDOWS\system32\NLAapi.dll
0x00007fff866e0000 - 0x00007fff8671b000 	C:\WINDOWS\SYSTEM32\IPHLPAPI.DLL
0x00007fff86720000 - 0x00007fff867ec000 	C:\WINDOWS\SYSTEM32\DNSAPI.dll
0x00007fff89580000 - 0x00007fff89588000 	C:\WINDOWS\System32\NSI.dll
0x00007fff6a7b0000 - 0x00007fff6a7c2000 	C:\WINDOWS\System32\winrnr.dll
0x00007fff70bd0000 - 0x00007fff70bda000 	C:\Windows\System32\rasadhlp.dll
0x00007fff710c0000 - 0x00007fff7113f000 	C:\WINDOWS\System32\fwpuclnt.dll
0x00007fff87b50000 - 0x00007fff87b77000 	C:\WINDOWS\System32\bcrypt.dll
0x00007fff4f5a0000 - 0x00007fff4f73a000 	C:\Program Files\Java\jre1.8.0_231\bin\awt.dll
0x00007fff89ac0000 - 0x00007fff89b8d000 	C:\WINDOWS\System32\OLEAUT32.dll
0x00007fff84770000 - 0x00007fff84800000 	C:\WINDOWS\SYSTEM32\apphelp.dll
0x00007fff84cc0000 - 0x00007fff84cef000 	C:\WINDOWS\system32\DWMAPI.DLL
0x00007fff84910000 - 0x00007fff849ae000 	C:\WINDOWS\system32\uxtheme.dll
0x00007fff548e0000 - 0x00007fff54a05000 	C:\WINDOWS\system32\opengl32.dll
0x00007fff6db30000 - 0x00007fff6db5c000 	C:\WINDOWS\SYSTEM32\GLU32.dll
0x00007fff89220000 - 0x00007fff89335000 	C:\WINDOWS\System32\MSCTF.dll
0x00007fff87d90000 - 0x00007fff87eba000 	C:\WINDOWS\System32\ole32.dll
0x00007fff85b90000 - 0x00007fff85ba2000 	C:\WINDOWS\SYSTEM32\kernel.appcore.dll
0x00007fff87ac0000 - 0x00007fff87b43000 	C:\WINDOWS\System32\bcryptPrimitives.dll
0x00007fff44690000 - 0x00007fff4485e000 	C:\WINDOWS\system32\d3d9.dll
0x00007fff7ce60000 - 0x00007fff7d03d000 	C:\WINDOWS\System32\DriverStore\FileRepository\u0342612.inf_amd64_f45480a6fb163a4b\B342328\aticfx64.dll
0x00007fff66a00000 - 0x00007fff66a30000 	C:\WINDOWS\System32\DriverStore\FileRepository\u0342612.inf_amd64_f45480a6fb163a4b\B342328\atiu9p64.dll
0x00007fff36e20000 - 0x00007fff37aeb000 	C:\WINDOWS\System32\DriverStore\FileRepository\u0342612.inf_amd64_f45480a6fb163a4b\B342328\atiumd64.dll
0x0000000051760000 - 0x00000000524e3000 	C:\WINDOWS\System32\DriverStore\FileRepository\u0342612.inf_amd64_f45480a6fb163a4b\B342328\atiumd6a.dll
0x00007fff87170000 - 0x00007fff871bb000 	C:\WINDOWS\SYSTEM32\POWRPROF.dll
0x00007fff87150000 - 0x00007fff87162000 	C:\WINDOWS\SYSTEM32\UMPDC.dll
0x00007fff81b90000 - 0x00007fff81bcb000 	C:\WINDOWS\SYSTEM32\dxcore.dll
0x00007fff873a0000 - 0x00007fff873ee000 	C:\WINDOWS\System32\cfgmgr32.dll
0x00007fff4f980000 - 0x00007fff4f9c9000 	C:\Program Files\Java\jre1.8.0_231\bin\fontmanager.dll
0x00007fff76510000 - 0x00007fff76609000 	C:\WINDOWS\SYSTEM32\textinputframework.dll
0x00007fff840d0000 - 0x00007fff8442e000 	C:\WINDOWS\System32\CoreUIComponents.dll
0x00007fff84430000 - 0x00007fff84522000 	C:\WINDOWS\System32\CoreMessaging.dll
0x00007fff86000000 - 0x00007fff86033000 	C:\WINDOWS\SYSTEM32\ntmarta.dll
0x00007fff839e0000 - 0x00007fff83b34000 	C:\WINDOWS\SYSTEM32\wintypes.dll
0x00007fff61540000 - 0x00007fff61552000 	C:\Program Files\Java\jre1.8.0_231\bin\nio.dll
0x00007fff4f550000 - 0x00007fff4f592000 	C:\Program Files\Java\jre1.8.0_231\bin\t2k.dll

VM Arguments:
jvm_args: -javaagent:C:\Users\monke\eclipse\java-2019-12\eclipse\configuration\org.eclipse.osgi\455\0\.cp\jacocoagent.jar=includes=*,excludes=,exclclassloader=sun.reflect.DelegatingClassLoader,output=tcpclient,port=58949 -Dfile.encoding=Cp1252 
java_command: GameCore
java_class_path (initial): C:\Users\monke\Documents\GitHub\Mike-Coding-\FirstEverGame!\bin;C:\Users\monke\eclipse\java-2019-12\eclipse\configuration\org.eclipse.osgi\455\0\.cp\jacocoagent.jar
Launcher Type: SUN_STANDARD

Environment Variables:
PATH=C:/Program Files/Java/jre1.8.0_231/bin/server;C:/Program Files/Java/jre1.8.0_231/bin;C:/Program Files/Java/jre1.8.0_231/lib/amd64;C:\Program Files (x86)\Common Files\Oracle\Java\javapath;C:\WINDOWS\system32;C:\WINDOWS;C:\WINDOWS\System32\Wbem;C:\WINDOWS\System32\WindowsPowerShell\v1.0\;C:\WINDOWS\System32\OpenSSH\;C:\Users\monke\AppData\Local\Microsoft\WindowsApps;C:\Users\monke\AppData\Local\GitHubDesktop\bin;%USERPROFILE%\AppData\Local\Microsoft\WindowsApps;;C:\Users\monke\eclipse\java-2019-12\eclipse;
USERNAME=monke
OS=Windows_NT
PROCESSOR_IDENTIFIER=AMD64 Family 23 Model 24 Stepping 1, AuthenticAMD



---------------  S Y S T E M  ---------------

OS: Windows 10.0 , 64 bit Build 19041 (10.0.19041.1151)

CPU:total 4 (initial active 4) (4 cores per cpu, 1 threads per core) family 23 model 24 stepping 1, cmov, cx8, fxsr, mmx, sse, sse2, sse3, ssse3, sse4.1, sse4.2, popcnt, avx, avx2, aes, clmul, mmxext, 3dnowpref, lzcnt, sse4a, tsc, tscinvbit, tscinv, bmi1

Memory: 4k page, physical 3582420k(30872k free), swap 10933620k(0k free)

vm_info: Java HotSpot(TM) 64-Bit Server VM (25.231-b11) for windows-amd64 JRE (1.8.0_231-b11), built on Oct  5 2019 03:11:30 by "java_re" with MS VC++ 10.0 (VS2010)

time: Tue Aug 17 20:20:17 2021
timezone: Pacific Daylight Time
elapsed time: 172 seconds (0d 0h 2m 52s)

